<?xml version="1.0" encoding="UTF-8"?>
<testsuite xmlns:xsi="http://www.w3.org/2001/XMLSchema-instance" xsi:noNamespaceSchemaLocation="https://maven.apache.org/surefire/maven-surefire-plugin/xsd/surefire-test-report.xsd" name="sampleQueue.QueueTest" time="0.119" tests="19" errors="0" skipped="1" failures="0">
  <properties>
    <property name="java.specification.version" value="19"/>
    <property name="sun.cpu.isalist" value="amd64"/>
    <property name="sun.jnu.encoding" value="Cp1252"/>
    <property name="java.class.path" value="C:\Users\manik\Desktop\ass se\junit-testing-manikanta-alapati-main (1)\junit-testing-manikanta-alapati-main\target\test-classes;C:\Users\manik\Desktop\ass se\junit-testing-manikanta-alapati-main (1)\junit-testing-manikanta-alapati-main\target\classes;C:\Users\manik\.m2\repository\org\junit\jupiter\junit-jupiter\5.4.2\junit-jupiter-5.4.2.jar;C:\Users\manik\.m2\repository\org\junit\jupiter\junit-jupiter-api\5.4.2\junit-jupiter-api-5.4.2.jar;C:\Users\manik\.m2\repository\org\apiguardian\apiguardian-api\1.0.0\apiguardian-api-1.0.0.jar;C:\Users\manik\.m2\repository\org\opentest4j\opentest4j\1.1.1\opentest4j-1.1.1.jar;C:\Users\manik\.m2\repository\org\junit\platform\junit-platform-commons\1.4.2\junit-platform-commons-1.4.2.jar;C:\Users\manik\.m2\repository\org\junit\jupiter\junit-jupiter-params\5.4.2\junit-jupiter-params-5.4.2.jar;C:\Users\manik\.m2\repository\org\junit\jupiter\junit-jupiter-engine\5.4.2\junit-jupiter-engine-5.4.2.jar;C:\Users\manik\.m2\repository\org\junit\platform\junit-platform-engine\1.4.2\junit-platform-engine-1.4.2.jar;"/>
    <property name="java.vm.vendor" value="Oracle Corporation"/>
    <property name="sun.arch.data.model" value="64"/>
    <property name="user.variant" value=""/>
    <property name="java.vendor.url" value="https://java.oracle.com/"/>
    <property name="user.timezone" value="America/New_York"/>
    <property name="os.name" value="Windows 11"/>
    <property name="java.vm.specification.version" value="19"/>
    <property name="sun.java.launcher" value="SUN_STANDARD"/>
    <property name="user.country" value="US"/>
    <property name="sun.boot.library.path" value="C:\Users\manik\.jdks\openjdk-19.0.1\bin"/>
    <property name="sun.java.command" value="C:\Users\manik\AppData\Local\Temp\surefire3321447099246365414\surefirebooter3724769789463926119.jar C:\Users\manik\AppData\Local\Temp\surefire3321447099246365414 2022-12-05T17-51-44_049-jvmRun1 surefire12017895819389355587tmp surefire_01877363139537279062tmp"/>
    <property name="jdk.debug" value="release"/>
    <property name="surefire.test.class.path" value="C:\Users\manik\Desktop\ass se\junit-testing-manikanta-alapati-main (1)\junit-testing-manikanta-alapati-main\target\test-classes;C:\Users\manik\Desktop\ass se\junit-testing-manikanta-alapati-main (1)\junit-testing-manikanta-alapati-main\target\classes;C:\Users\manik\.m2\repository\org\junit\jupiter\junit-jupiter\5.4.2\junit-jupiter-5.4.2.jar;C:\Users\manik\.m2\repository\org\junit\jupiter\junit-jupiter-api\5.4.2\junit-jupiter-api-5.4.2.jar;C:\Users\manik\.m2\repository\org\apiguardian\apiguardian-api\1.0.0\apiguardian-api-1.0.0.jar;C:\Users\manik\.m2\repository\org\opentest4j\opentest4j\1.1.1\opentest4j-1.1.1.jar;C:\Users\manik\.m2\repository\org\junit\platform\junit-platform-commons\1.4.2\junit-platform-commons-1.4.2.jar;C:\Users\manik\.m2\repository\org\junit\jupiter\junit-jupiter-params\5.4.2\junit-jupiter-params-5.4.2.jar;C:\Users\manik\.m2\repository\org\junit\jupiter\junit-jupiter-engine\5.4.2\junit-jupiter-engine-5.4.2.jar;C:\Users\manik\.m2\repository\org\junit\platform\junit-platform-engine\1.4.2\junit-platform-engine-1.4.2.jar;"/>
    <property name="sun.cpu.endian" value="little"/>
    <property name="user.home" value="C:\Users\manik"/>
    <property name="user.language" value="en"/>
    <property name="java.specification.vendor" value="Oracle Corporation"/>
    <property name="java.version.date" value="2022-10-18"/>
    <property name="java.home" value="C:\Users\manik\.jdks\openjdk-19.0.1"/>
    <property name="file.separator" value="\"/>
    <property name="basedir" value="C:\Users\manik\Desktop\ass se\junit-testing-manikanta-alapati-main (1)\junit-testing-manikanta-alapati-main"/>
    <property name="java.vm.compressedOopsMode" value="Zero based"/>
    <property name="line.separator" value="&#10;"/>
    <property name="java.vm.specification.vendor" value="Oracle Corporation"/>
    <property name="java.specification.name" value="Java Platform API Specification"/>
    <property name="surefire.real.class.path" value="C:\Users\manik\AppData\Local\Temp\surefire3321447099246365414\surefirebooter3724769789463926119.jar"/>
    <property name="user.script" value=""/>
    <property name="sun.management.compiler" value="HotSpot 64-Bit Tiered Compilers"/>
    <property name="java.runtime.version" value="19.0.1+10-21"/>
    <property name="user.name" value="manik"/>
    <property name="stdout.encoding" value="Cp1252"/>
    <property name="path.separator" value=";"/>
    <property name="os.version" value="10.0"/>
    <property name="java.runtime.name" value="OpenJDK Runtime Environment"/>
    <property name="file.encoding" value="UTF-8"/>
    <property name="java.vm.name" value="OpenJDK 64-Bit Server VM"/>
    <property name="localRepository" value="C:\Users\manik\.m2\repository"/>
    <property name="java.vendor.url.bug" value="https://bugreport.java.com/bugreport/"/>
    <property name="java.io.tmpdir" value="C:\Users\manik\AppData\Local\Temp\"/>
    <property name="idea.version" value="2022.2.4"/>
    <property name="java.version" value="19.0.1"/>
    <property name="user.dir" value="C:\Users\manik\Desktop\ass se\junit-testing-manikanta-alapati-main (1)\junit-testing-manikanta-alapati-main"/>
    <property name="os.arch" value="amd64"/>
    <property name="java.vm.specification.name" value="Java Virtual Machine Specification"/>
    <property name="sun.os.patch.level" value=""/>
    <property name="native.encoding" value="Cp1252"/>
    <property name="java.library.path" value="C:\Users\manik\.jdks\openjdk-19.0.1\bin;C:\windows\Sun\Java\bin;C:\windows\system32;C:\windows;C:\Program Files\Eclipse Adoptium\jdk-17.0.5.8-hotspot\bin;C:\windows\system32;C:\windows;C:\windows\System32\Wbem;C:\windows\System32\WindowsPowerShell\v1.0\;C:\windows\System32\OpenSSH\;C:\Program Files\Git\cmd;C:\Program Files\Amazon\AWSCLIV2\;C:\Program Files\nodejs\;C:\Program Files\Docker\Docker\resources\bin;C:\Users\manik\AppData\Local\Programs\Python\Python310\Scripts\;C:\Users\manik\AppData\Local\Programs\Python\Python310\;C:\Users\manik\AppData\Local\Microsoft\WindowsApps;;C:\Users\manik\AppData\Local\Programs\Microsoft VS Code\bin;C:\Users\manik\AppData\Roaming\npm;C:\Program Files\JetBrains\IntelliJ IDEA 2022.2.4\bin;;C:\Program Files\JetBrains\IntelliJ IDEA Community Edition 2022.2.4\bin;;."/>
    <property name="java.vm.info" value="mixed mode, sharing"/>
    <property name="stderr.encoding" value="Cp1252"/>
    <property name="java.vendor" value="Oracle Corporation"/>
    <property name="java.vm.version" value="19.0.1+10-21"/>
    <property name="sun.io.unicode.encoding" value="UnicodeLittle"/>
    <property name="java.class.version" value="63.0"/>
  </properties>
  <testcase name="testEnqueue" classname="sampleQueue.QueueTest" time="0.006"/>
  <testcase name="isEmptyShouldGiveFalseWhenQueueIsNotEmpty" classname="sampleQueue.QueueTest" time="0.007"/>
  <testcase name="testDequeueOnEmpty" classname="sampleQueue.QueueTest" time="0">
    <skipped message="void sampleQueue.QueueTest.testDequeueOnEmpty() is @Disabled"/>
  </testcase>
  <testcase name="testonext" classname="sampleQueue.QueueTest" time="0.011"/>
  <testcase name="testPeek" classname="sampleQueue.QueueTest" time="0.012"/>
  <testcase name="testConstructor1" classname="sampleQueue.QueueTest" time="0"/>
  <testcase name="testConstructor2" classname="sampleQueue.QueueTest" time="0"/>
  <testcase name="testLengthOnEmpty" classname="sampleQueue.QueueTest" time="0"/>
  <testcase name="isEmptyShouldGiveTrueOnQueueInit" classname="sampleQueue.QueueTest" time="0"/>
  <testcase name="testtostring" classname="sampleQueue.QueueTest" time="0"/>
  <testcase name="peekThrowsExceptionOnEmpty" classname="sampleQueue.QueueTest" time="0"/>
  <testcase name="isInstantiatedWithNew" classname="sampleQueue.QueueTest" time="0"/>
  <testcase name="main" classname="sampleQueue.QueueTest" time="0"/>
  <testcase name="testoremove" classname="sampleQueue.QueueTest" time="0"/>
  <testcase name="testDequeue" classname="sampleQueue.QueueTest" time="0.001"/>
  <testcase name="testLength" classname="sampleQueue.QueueTest" time="0.003"/>
  <testcase name="testPeekOnEmpty" classname="sampleQueue.QueueTest" time="0.003"/>
  <testcase name="testIsEmpty" classname="sampleQueue.QueueTest" time="0.007"/>
  <testcase name="testRemoveAll" classname="sampleQueue.QueueTest" time="0"/>
</testsuite>